2018-10-29 11:19:56 INFO     Lifetime calculation
2018-10-29 11:19:56 INFO     Projection started
2018-10-29 11:19:56 INFO     Symmetries: [0 1 4 5]
2018-10-29 11:19:56 INFO     Current q, mu:03is plus?1
2018-10-29 11:19:56 INFO     16.092436628393170.0
2018-10-29 11:19:56 INFO     0.00.0
2018-10-29 11:19:56 INFO     Current q, mu:04is plus?1
2018-10-29 11:19:56 INFO     16.0924366283949320.0
2018-10-29 11:19:56 INFO     0.00.0
2018-10-29 11:19:56 INFO     Current q, mu:05is plus?1
2018-10-29 11:19:56 INFO     16.092436628399320.0
2018-10-29 11:19:56 INFO     0.00.0
2018-10-29 11:19:57 INFO     Current q, mu:10is plus?1
2018-10-29 11:19:57 INFO     3.99684384641727370.0
2018-10-29 11:19:57 INFO     9.444469957167565e-070.18520954401997033
2018-10-29 11:19:57 INFO     Current q, mu:11is plus?1
2018-10-29 11:19:57 INFO     3.99684384643657650.0
2018-10-29 11:19:57 INFO     9.456733610865052e-070.1854500387983572
2018-10-29 11:19:57 INFO     Current q, mu:12is plus?1
2018-10-29 11:19:57 INFO     8.8258414438389340.0
2018-10-29 11:19:57 INFO     3.895076774175342e-060.7638389412423356
2018-10-29 11:19:57 INFO     Current q, mu:13is plus?1
2018-10-29 11:19:57 INFO     14.6029576415647460.0
2018-10-29 11:19:57 INFO     5.5485271012472324e-111.0880866571284442e-05
2018-10-29 11:19:57 INFO     Current q, mu:14is plus?1
2018-10-29 11:19:57 INFO     15.6262508670489040.0
2018-10-29 11:19:57 INFO     0.00.0
2018-10-29 11:19:57 INFO     Current q, mu:15is plus?1
2018-10-29 11:19:57 INFO     15.626250867053840.0
2018-10-29 11:19:57 INFO     0.00.0
2018-10-29 11:19:57 INFO     Current q, mu:40is plus?1
2018-10-29 11:19:57 INFO     5.8296608279996010.0
2018-10-29 11:19:57 INFO     1.849503078118873e-060.36269438445506885
2018-10-29 11:19:57 INFO     Current q, mu:41is plus?1
2018-10-29 11:19:57 INFO     5.8296608280080840.0
2018-10-29 11:19:57 INFO     1.8582388362480546e-060.3644074988882897
2018-10-29 11:19:57 INFO     Current q, mu:42is plus?1
2018-10-29 11:19:57 INFO     8.9126713901288620.0
2018-10-29 11:19:57 INFO     3.043734192414388e-060.5968875166649649
2018-10-29 11:19:57 INFO     Current q, mu:43is plus?1
2018-10-29 11:19:57 INFO     14.454029597439250.0
2018-10-29 11:19:57 INFO     1.0213663438948457e-090.00020029371228667708
2018-10-29 11:19:57 INFO     Current q, mu:44is plus?1
2018-10-29 11:19:57 INFO     15.2748701708520.0
2018-10-29 11:19:57 INFO     3.5988672647795145e-137.057511624486242e-08
